<!DOCTYPE html>

<html>
  <head>
  <meta charset='utf-8'>
  <title>TestNG reports</title>

    <link type="text/css" href="testng-reports1.css" rel="stylesheet" id="ultra" />
    <link type="text/css" href="testng-reports.css" rel="stylesheet" id="retro" disabled="false"/>
    <script type="text/javascript" src="jquery-3.6.0.min.js"></script>
    <script type="text/javascript" src="testng-reports.js"></script>
    <script type="text/javascript" src="https://www.google.com/jsapi"></script>
    <script type='text/javascript'>
      google.load('visualization', '1', {packages:['table']});
      google.setOnLoadCallback(drawTable);
      var suiteTableInitFunctions = new Array();
      var suiteTableData = new Array();
    </script>
    <!--
      <script type="text/javascript" src="jquery-ui/js/jquery-ui-1.8.16.custom.min.js"></script>
     -->
  </head>

  <body>    <div class="top-banner-root">
      <span class="top-banner-title-font">Test results</span>
      <button id="button" class="button">Switch Retro Theme</button> <!-- button -->
      <br/>
      <span class="top-banner-font-1">1 suite, 1 failed test</span>
    </div> <!-- top-banner-root -->
    <div class="navigator-root">
      <div class="navigator-suite-header">
        <span>All suites</span>
        <a href="#" title="Collapse/expand all the suites" class="collapse-all-link">
          <img src="collapseall.gif" class="collapse-all-icon">
          </img> <!-- collapse-all-icon -->
        </a> <!-- collapse-all-link -->
      </div> <!-- navigator-suite-header -->
      <div class="suite">
        <div class="rounded-window">
          <div class="suite-header light-rounded-window-top">
            <a href="#" panel-name="suite-Framework1Suite" class="navigator-link">
              <span class="suite-name border-failed">Framework1Suite</span>
            </a> <!-- navigator-link -->
          </div> <!-- suite-header light-rounded-window-top -->
          <div class="navigator-suite-content">
            <div class="suite-section-title">
              <span>Info</span>
            </div> <!-- suite-section-title -->
            <div class="suite-section-content">
              <ul>
                <li>
                  <a href="#" panel-name="test-xml-Framework1Suite" class="navigator-link ">
                    <span>D:\pageObjectModelfactory\testng.xml</span>
                  </a> <!-- navigator-link  -->
                </li>
                <li>
                  <a href="#" panel-name="testlist-Framework1Suite" class="navigator-link ">
                    <span class="test-stats">9 tests</span>
                  </a> <!-- navigator-link  -->
                </li>
                <li>
                  <a href="#" panel-name="group-Framework1Suite" class="navigator-link ">
                    <span>0 groups</span>
                  </a> <!-- navigator-link  -->
                </li>
                <li>
                  <a href="#" panel-name="times-Framework1Suite" class="navigator-link ">
                    <span>Times</span>
                  </a> <!-- navigator-link  -->
                </li>
                <li>
                  <a href="#" panel-name="reporter-Framework1Suite" class="navigator-link ">
                    <span>Reporter output</span>
                  </a> <!-- navigator-link  -->
                </li>
                <li>
                  <a href="#" panel-name="ignored-methods-Framework1Suite" class="navigator-link ">
                    <span>Ignored methods</span>
                  </a> <!-- navigator-link  -->
                </li>
                <li>
                  <a href="#" panel-name="chronological-Framework1Suite" class="navigator-link ">
                    <span>Chronological view</span>
                  </a> <!-- navigator-link  -->
                </li>
              </ul>
            </div> <!-- suite-section-content -->
            <div class="result-section">
              <div class="suite-section-title">
                <span>Results</span>
              </div> <!-- suite-section-title -->
              <div class="suite-section-content">
                <ul>
                  <li>
                    <span class="method-stats">12 methods, 1 failed,  3 skipped,  8 passed</span>
                  </li>
                  <li>
                    <span class="method-list-title failed">Failed methods</span>
                    <span class="show-or-hide-methods failed">
                      <a href="#" panel-name="suite-Framework1Suite" class="hide-methods failed suite-Framework1Suite"> (hide)</a> <!-- hide-methods failed suite-Framework1Suite -->
                      <a href="#" panel-name="suite-Framework1Suite" class="show-methods failed suite-Framework1Suite"> (show)</a> <!-- show-methods failed suite-Framework1Suite -->
                    </span>
                    <div class="method-list-content failed suite-Framework1Suite">
                      <span>
                        <img src="failed.png" width="3%"/>
                        <a href="#" panel-name="suite-Framework1Suite" title="Test.TableDataVerifyTest" class="method navigator-link" hash-for-method="tableVerify(Junior Technical Author, San Francisco, 66, 2009/01/12, 86000)">tableVerify(Junior Technical Author, San Francisco, 66, 2009/01/12, 86000)</a> <!-- method navigator-link -->
                      </span>
                      <br/>
                    </div> <!-- method-list-content failed suite-Framework1Suite -->
                  </li>
                  <li>
                    <span class="method-list-title skipped">Retried methods</span>
                    <span class="show-or-hide-methods skipped">
                      <a href="#" panel-name="suite-Framework1Suite" class="hide-methods skipped suite-Framework1Suite"> (hide)</a> <!-- hide-methods skipped suite-Framework1Suite -->
                      <a href="#" panel-name="suite-Framework1Suite" class="show-methods skipped suite-Framework1Suite"> (show)</a> <!-- show-methods skipped suite-Framework1Suite -->
                    </span>
                    <div class="method-list-content skipped suite-Framework1Suite">
                      <span>
                        <img src="skipped.png" width="3%"/>
                        <a href="#" panel-name="suite-Framework1Suite" title="Test.TableDataVerifyTest" class="method navigator-link" hash-for-method="tableVerify(Junior Technical Author, San Francisco, 66, 2009/01/12, 86000)">tableVerify(Junior Technical Author, San Francisco, 66, 2009/01/12, 86000)</a> <!-- method navigator-link -->
                      </span>
                      <br/>
                      <span>
                        <img src="skipped.png" width="3%"/>
                        <a href="#" panel-name="suite-Framework1Suite" title="Test.TableDataVerifyTest" class="method navigator-link" hash-for-method="tableVerify(Junior Technical Author, San Francisco, 66, 2009/01/12, 86000)">tableVerify(Junior Technical Author, San Francisco, 66, 2009/01/12, 86000)</a> <!-- method navigator-link -->
                      </span>
                      <br/>
                      <span>
                        <img src="skipped.png" width="3%"/>
                        <a href="#" panel-name="suite-Framework1Suite" title="Test.TableDataVerifyTest" class="method navigator-link" hash-for-method="tableVerify(Junior Technical Author, San Francisco, 66, 2009/01/12, 86000)">tableVerify(Junior Technical Author, San Francisco, 66, 2009/01/12, 86000)</a> <!-- method navigator-link -->
                      </span>
                      <br/>
                    </div> <!-- method-list-content skipped suite-Framework1Suite -->
                  </li>
                  <li>
                    <span class="method-list-title passed">Passed methods</span>
                    <span class="show-or-hide-methods passed">
                      <a href="#" panel-name="suite-Framework1Suite" class="hide-methods passed suite-Framework1Suite"> (hide)</a> <!-- hide-methods passed suite-Framework1Suite -->
                      <a href="#" panel-name="suite-Framework1Suite" class="show-methods passed suite-Framework1Suite"> (show)</a> <!-- show-methods passed suite-Framework1Suite -->
                    </span>
                    <div class="method-list-content passed suite-Framework1Suite">
                      <span>
                        <img src="passed.png" width="3%"/>
                        <a href="#" panel-name="suite-Framework1Suite" title="Test.DragAndDropTest" class="method navigator-link" hash-for-method="dragAndDropTest">dragAndDropTest</a> <!-- method navigator-link -->
                      </span>
                      <br/>
                      <span>
                        <img src="passed.png" width="3%"/>
                        <a href="#" panel-name="suite-Framework1Suite" title="Test.SubmitFormTest" class="method navigator-link" hash-for-method="formSubmitTest">formSubmitTest</a> <!-- method navigator-link -->
                      </span>
                      <br/>
                      <span>
                        <img src="passed.png" width="3%"/>
                        <a href="#" panel-name="suite-Framework1Suite" title="Test.FormSubmitTest" class="method navigator-link" hash-for-method="formSubmitTest">formSubmitTest</a> <!-- method navigator-link -->
                      </span>
                      <br/>
                      <span>
                        <img src="passed.png" width="3%"/>
                        <a href="#" panel-name="suite-Framework1Suite" title="Test.InputTest" class="method navigator-link" hash-for-method="inputTest">inputTest</a> <!-- method navigator-link -->
                      </span>
                      <br/>
                      <span>
                        <img src="passed.png" width="3%"/>
                        <a href="#" panel-name="suite-Framework1Suite" title="Test.JavascriptPromptVerifyTest" class="method navigator-link" hash-for-method="jsPrompt">jsPrompt</a> <!-- method navigator-link -->
                      </span>
                      <br/>
                      <span>
                        <img src="passed.png" width="3%"/>
                        <a href="#" panel-name="suite-Framework1Suite" title="Test.RadioButtonTest" class="method navigator-link" hash-for-method="radioBtnTest">radioBtnTest</a> <!-- method navigator-link -->
                      </span>
                      <br/>
                      <span>
                        <img src="passed.png" width="3%"/>
                        <a href="#" panel-name="suite-Framework1Suite" title="Test.SimpleFormTest" class="method navigator-link" hash-for-method="simpleFormTest">simpleFormTest</a> <!-- method navigator-link -->
                      </span>
                      <br/>
                      <span>
                        <img src="passed.png" width="3%"/>
                        <a href="#" panel-name="suite-Framework1Suite" title="Test.WindowPopUpTest" class="method navigator-link" hash-for-method="windowPopUp">windowPopUp</a> <!-- method navigator-link -->
                      </span>
                      <br/>
                    </div> <!-- method-list-content passed suite-Framework1Suite -->
                  </li>
                </ul>
              </div> <!-- suite-section-content -->
            </div> <!-- result-section -->
          </div> <!-- navigator-suite-content -->
        </div> <!-- rounded-window -->
      </div> <!-- suite -->
    </div> <!-- navigator-root -->
    <div class="wrapper">
      <div class="main-panel-root">
        <div panel-name="suite-Framework1Suite" class="panel Framework1Suite">
          <div class="suite-Framework1Suite-class-failed">
            <div class="main-panel-header rounded-window-top">
              <img src="failed.png"/>
              <span class="class-name">Test.TableDataVerifyTest</span>
            </div> <!-- main-panel-header rounded-window-top -->
            <div class="main-panel-content rounded-window-bottom">
              <div class="method">
                <div class="method-content">
                  <a name="tableVerify(Junior Technical Author, San Francisco, 66, 2009/01/12, 86000)">
                  </a> <!-- tableVerify(Junior Technical Author, San Francisco, 66, 2009/01/12, 86000) -->
                  <span class="method-name">tableVerify</span>
                  <span class="parameters">(Junior Technical Author,San Francisco,66,2009/01/12,86000)</span>
                  <div class="stack-trace">org.openqa.selenium.NoSuchElementException: no such element: Unable to locate element: {&quot;method&quot;:&quot;css selector&quot;,&quot;selector&quot;:&quot;*[name=&apos;position&apos;]&quot;}
  (Session info: chrome=120.0.6099.130)
For documentation on this error, please visit: https://www.selenium.dev/documentation/webdriver/troubleshooting/errors#no-such-element-exception
Build info: version: &apos;4.10.0&apos;, revision: &apos;c14d967899&apos;
System info: os.name: &apos;Windows 11&apos;, os.arch: &apos;amd64&apos;, os.version: &apos;10.0&apos;, java.version: &apos;17.0.4&apos;
Driver info: org.openqa.selenium.chrome.ChromeDriver
Command: [d39c9b5370203907761778693c5aebeb, findElement {using=css selector, value=*[name=&apos;position&apos;]}]
Capabilities {acceptInsecureCerts: false, browserName: chrome, browserVersion: 120.0.6099.130, chrome: {chromedriverVersion: 119.0.6045.105 (38c72552c5e..., userDataDir: C:\Users\lenovo\AppData\Loc...}, fedcm:accounts: true, goog:chromeOptions: {debuggerAddress: localhost:54979}, networkConnectionEnabled: false, pageLoadStrategy: normal, platformName: windows, proxy: Proxy(), se:cdp: ws://localhost:54979/devtoo..., se:cdpVersion: 120.0.6099.130, setWindowRect: true, strictFileInteractability: false, timeouts: {implicit: 0, pageLoad: 300000, script: 30000}, unhandledPromptBehavior: dismiss and notify, webauthn:extension:credBlob: true, webauthn:extension:largeBlob: true, webauthn:extension:minPinLength: true, webauthn:extension:prf: true, webauthn:virtualAuthenticators: true}
Session ID: d39c9b5370203907761778693c5aebeb
	at org.openqa.selenium.remote.codec.w3c.W3CHttpResponseCodec.createException(W3CHttpResponseCodec.java:199)
	at org.openqa.selenium.remote.codec.w3c.W3CHttpResponseCodec.decode(W3CHttpResponseCodec.java:132)
	at org.openqa.selenium.remote.codec.w3c.W3CHttpResponseCodec.decode(W3CHttpResponseCodec.java:51)
	at org.openqa.selenium.remote.HttpCommandExecutor.execute(HttpCommandExecutor.java:191)
	at org.openqa.selenium.remote.service.DriverCommandExecutor.invokeExecute(DriverCommandExecutor.java:196)
	at org.openqa.selenium.remote.service.DriverCommandExecutor.execute(DriverCommandExecutor.java:171)
	at org.openqa.selenium.remote.RemoteWebDriver.execute(RemoteWebDriver.java:531)
	at org.openqa.selenium.remote.ElementLocation$ElementFinder$2.findElement(ElementLocation.java:165)
	at org.openqa.selenium.remote.ElementLocation.findElement(ElementLocation.java:59)
	at org.openqa.selenium.remote.RemoteWebDriver.findElement(RemoteWebDriver.java:350)
	at org.openqa.selenium.remote.RemoteWebDriver.findElement(RemoteWebDriver.java:344)
	at org.openqa.selenium.By$PreW3CLocator.findElement(By.java:427)
	at org.openqa.selenium.By$ByName.findElement(By.java:236)
	at org.openqa.selenium.support.ByIdOrName.findElement(ByIdOrName.java:49)
	at org.openqa.selenium.remote.ElementLocation$ElementFinder$1.findElement(ElementLocation.java:139)
	at org.openqa.selenium.remote.ElementLocation.findElement(ElementLocation.java:59)
	at org.openqa.selenium.remote.RemoteWebDriver.findElement(RemoteWebDriver.java:350)
	at org.openqa.selenium.remote.RemoteWebDriver.findElement(RemoteWebDriver.java:344)
	at org.openqa.selenium.support.pagefactory.DefaultElementLocator.findElement(DefaultElementLocator.java:68)
	at org.openqa.selenium.support.pagefactory.internal.LocatingElementHandler.invoke(LocatingElementHandler.java:38)
	at jdk.proxy2/jdk.proxy2.$Proxy15.getText(Unknown Source)
	at page.TablePage.getPosition(TablePage.java:57)
	at Test.TableDataVerifyTest.tableVerify(TableDataVerifyTest.java:56)
	at java.base/java.util.concurrent.ThreadPoolExecutor.runWorker(ThreadPoolExecutor.java:1136)
	at java.base/java.util.concurrent.ThreadPoolExecutor$Worker.run(ThreadPoolExecutor.java:635)
	at java.base/java.lang.Thread.run(Thread.java:833)
... Removed 17 stack frames
</div> <!-- stack-trace -->
                </div> <!-- method-content -->
              </div> <!-- method -->
            </div> <!-- main-panel-content rounded-window-bottom -->
          </div> <!-- suite-Framework1Suite-class-failed -->
          <div class="suite-Framework1Suite-class-skipped">
            <div class="main-panel-header rounded-window-top">
              <img src="skipped.png"/>
              <span class="class-name">Test.TableDataVerifyTest</span>
            </div> <!-- main-panel-header rounded-window-top -->
            <div class="main-panel-content rounded-window-bottom">
              <div class="method">
                <div class="method-content">
                  <a name="tableVerify(Junior Technical Author, San Francisco, 66, 2009/01/12, 86000)">
                  </a> <!-- tableVerify(Junior Technical Author, San Francisco, 66, 2009/01/12, 86000) -->
                  <span class="method-name">tableVerify</span>
                  <span class="parameters">(Junior Technical Author,San Francisco,66,2009/01/12,86000)</span>
                  <div class="stack-trace">org.openqa.selenium.NoSuchElementException: no such element: Unable to locate element: {&quot;method&quot;:&quot;css selector&quot;,&quot;selector&quot;:&quot;*[name=&apos;position&apos;]&quot;}
  (Session info: chrome=120.0.6099.130)
For documentation on this error, please visit: https://www.selenium.dev/documentation/webdriver/troubleshooting/errors#no-such-element-exception
Build info: version: &apos;4.10.0&apos;, revision: &apos;c14d967899&apos;
System info: os.name: &apos;Windows 11&apos;, os.arch: &apos;amd64&apos;, os.version: &apos;10.0&apos;, java.version: &apos;17.0.4&apos;
Driver info: org.openqa.selenium.chrome.ChromeDriver
Command: [d39c9b5370203907761778693c5aebeb, findElement {using=css selector, value=*[name=&apos;position&apos;]}]
Capabilities {acceptInsecureCerts: false, browserName: chrome, browserVersion: 120.0.6099.130, chrome: {chromedriverVersion: 119.0.6045.105 (38c72552c5e..., userDataDir: C:\Users\lenovo\AppData\Loc...}, fedcm:accounts: true, goog:chromeOptions: {debuggerAddress: localhost:54979}, networkConnectionEnabled: false, pageLoadStrategy: normal, platformName: windows, proxy: Proxy(), se:cdp: ws://localhost:54979/devtoo..., se:cdpVersion: 120.0.6099.130, setWindowRect: true, strictFileInteractability: false, timeouts: {implicit: 0, pageLoad: 300000, script: 30000}, unhandledPromptBehavior: dismiss and notify, webauthn:extension:credBlob: true, webauthn:extension:largeBlob: true, webauthn:extension:minPinLength: true, webauthn:extension:prf: true, webauthn:virtualAuthenticators: true}
Session ID: d39c9b5370203907761778693c5aebeb
	at org.openqa.selenium.remote.codec.w3c.W3CHttpResponseCodec.createException(W3CHttpResponseCodec.java:199)
	at org.openqa.selenium.remote.codec.w3c.W3CHttpResponseCodec.decode(W3CHttpResponseCodec.java:132)
	at org.openqa.selenium.remote.codec.w3c.W3CHttpResponseCodec.decode(W3CHttpResponseCodec.java:51)
	at org.openqa.selenium.remote.HttpCommandExecutor.execute(HttpCommandExecutor.java:191)
	at org.openqa.selenium.remote.service.DriverCommandExecutor.invokeExecute(DriverCommandExecutor.java:196)
	at org.openqa.selenium.remote.service.DriverCommandExecutor.execute(DriverCommandExecutor.java:171)
	at org.openqa.selenium.remote.RemoteWebDriver.execute(RemoteWebDriver.java:531)
	at org.openqa.selenium.remote.ElementLocation$ElementFinder$2.findElement(ElementLocation.java:165)
	at org.openqa.selenium.remote.ElementLocation.findElement(ElementLocation.java:59)
	at org.openqa.selenium.remote.RemoteWebDriver.findElement(RemoteWebDriver.java:350)
	at org.openqa.selenium.remote.RemoteWebDriver.findElement(RemoteWebDriver.java:344)
	at org.openqa.selenium.By$PreW3CLocator.findElement(By.java:427)
	at org.openqa.selenium.By$ByName.findElement(By.java:236)
	at org.openqa.selenium.support.ByIdOrName.findElement(ByIdOrName.java:49)
	at org.openqa.selenium.remote.ElementLocation$ElementFinder$1.findElement(ElementLocation.java:139)
	at org.openqa.selenium.remote.ElementLocation.findElement(ElementLocation.java:59)
	at org.openqa.selenium.remote.RemoteWebDriver.findElement(RemoteWebDriver.java:350)
	at org.openqa.selenium.remote.RemoteWebDriver.findElement(RemoteWebDriver.java:344)
	at org.openqa.selenium.support.pagefactory.DefaultElementLocator.findElement(DefaultElementLocator.java:68)
	at org.openqa.selenium.support.pagefactory.internal.LocatingElementHandler.invoke(LocatingElementHandler.java:38)
	at jdk.proxy2/jdk.proxy2.$Proxy15.getText(Unknown Source)
	at page.TablePage.getPosition(TablePage.java:57)
	at Test.TableDataVerifyTest.tableVerify(TableDataVerifyTest.java:56)
	at java.base/java.util.concurrent.ThreadPoolExecutor.runWorker(ThreadPoolExecutor.java:1136)
	at java.base/java.util.concurrent.ThreadPoolExecutor$Worker.run(ThreadPoolExecutor.java:635)
	at java.base/java.lang.Thread.run(Thread.java:833)
... Removed 17 stack frames
</div> <!-- stack-trace -->
                </div> <!-- method-content -->
              </div> <!-- method -->
              <div class="method">
                <div class="method-content">
                  <a name="tableVerify(Junior Technical Author, San Francisco, 66, 2009/01/12, 86000)">
                  </a> <!-- tableVerify(Junior Technical Author, San Francisco, 66, 2009/01/12, 86000) -->
                  <span class="method-name">tableVerify</span>
                  <span class="parameters">(Junior Technical Author,San Francisco,66,2009/01/12,86000)</span>
                  <div class="stack-trace">org.openqa.selenium.NoSuchElementException: no such element: Unable to locate element: {&quot;method&quot;:&quot;css selector&quot;,&quot;selector&quot;:&quot;*[name=&apos;position&apos;]&quot;}
  (Session info: chrome=120.0.6099.130)
For documentation on this error, please visit: https://www.selenium.dev/documentation/webdriver/troubleshooting/errors#no-such-element-exception
Build info: version: &apos;4.10.0&apos;, revision: &apos;c14d967899&apos;
System info: os.name: &apos;Windows 11&apos;, os.arch: &apos;amd64&apos;, os.version: &apos;10.0&apos;, java.version: &apos;17.0.4&apos;
Driver info: org.openqa.selenium.chrome.ChromeDriver
Command: [d39c9b5370203907761778693c5aebeb, findElement {using=css selector, value=*[name=&apos;position&apos;]}]
Capabilities {acceptInsecureCerts: false, browserName: chrome, browserVersion: 120.0.6099.130, chrome: {chromedriverVersion: 119.0.6045.105 (38c72552c5e..., userDataDir: C:\Users\lenovo\AppData\Loc...}, fedcm:accounts: true, goog:chromeOptions: {debuggerAddress: localhost:54979}, networkConnectionEnabled: false, pageLoadStrategy: normal, platformName: windows, proxy: Proxy(), se:cdp: ws://localhost:54979/devtoo..., se:cdpVersion: 120.0.6099.130, setWindowRect: true, strictFileInteractability: false, timeouts: {implicit: 0, pageLoad: 300000, script: 30000}, unhandledPromptBehavior: dismiss and notify, webauthn:extension:credBlob: true, webauthn:extension:largeBlob: true, webauthn:extension:minPinLength: true, webauthn:extension:prf: true, webauthn:virtualAuthenticators: true}
Session ID: d39c9b5370203907761778693c5aebeb
	at org.openqa.selenium.remote.codec.w3c.W3CHttpResponseCodec.createException(W3CHttpResponseCodec.java:199)
	at org.openqa.selenium.remote.codec.w3c.W3CHttpResponseCodec.decode(W3CHttpResponseCodec.java:132)
	at org.openqa.selenium.remote.codec.w3c.W3CHttpResponseCodec.decode(W3CHttpResponseCodec.java:51)
	at org.openqa.selenium.remote.HttpCommandExecutor.execute(HttpCommandExecutor.java:191)
	at org.openqa.selenium.remote.service.DriverCommandExecutor.invokeExecute(DriverCommandExecutor.java:196)
	at org.openqa.selenium.remote.service.DriverCommandExecutor.execute(DriverCommandExecutor.java:171)
	at org.openqa.selenium.remote.RemoteWebDriver.execute(RemoteWebDriver.java:531)
	at org.openqa.selenium.remote.ElementLocation$ElementFinder$2.findElement(ElementLocation.java:165)
	at org.openqa.selenium.remote.ElementLocation.findElement(ElementLocation.java:59)
	at org.openqa.selenium.remote.RemoteWebDriver.findElement(RemoteWebDriver.java:350)
	at org.openqa.selenium.remote.RemoteWebDriver.findElement(RemoteWebDriver.java:344)
	at org.openqa.selenium.By$PreW3CLocator.findElement(By.java:427)
	at org.openqa.selenium.By$ByName.findElement(By.java:236)
	at org.openqa.selenium.support.ByIdOrName.findElement(ByIdOrName.java:49)
	at org.openqa.selenium.remote.ElementLocation$ElementFinder$1.findElement(ElementLocation.java:139)
	at org.openqa.selenium.remote.ElementLocation.findElement(ElementLocation.java:81)
	at org.openqa.selenium.remote.RemoteWebDriver.findElement(RemoteWebDriver.java:350)
	at org.openqa.selenium.remote.RemoteWebDriver.findElement(RemoteWebDriver.java:344)
	at org.openqa.selenium.support.pagefactory.DefaultElementLocator.findElement(DefaultElementLocator.java:68)
	at org.openqa.selenium.support.pagefactory.internal.LocatingElementHandler.invoke(LocatingElementHandler.java:38)
	at jdk.proxy2/jdk.proxy2.$Proxy15.getText(Unknown Source)
	at page.TablePage.getPosition(TablePage.java:57)
	at Test.TableDataVerifyTest.tableVerify(TableDataVerifyTest.java:56)
	at java.base/java.util.concurrent.ThreadPoolExecutor.runWorker(ThreadPoolExecutor.java:1136)
	at java.base/java.util.concurrent.ThreadPoolExecutor$Worker.run(ThreadPoolExecutor.java:635)
	at java.base/java.lang.Thread.run(Thread.java:833)
... Removed 17 stack frames
</div> <!-- stack-trace -->
                </div> <!-- method-content -->
              </div> <!-- method -->
              <div class="method">
                <div class="method-content">
                  <a name="tableVerify(Junior Technical Author, San Francisco, 66, 2009/01/12, 86000)">
                  </a> <!-- tableVerify(Junior Technical Author, San Francisco, 66, 2009/01/12, 86000) -->
                  <span class="method-name">tableVerify</span>
                  <span class="parameters">(Junior Technical Author,San Francisco,66,2009/01/12,86000)</span>
                  <div class="stack-trace">org.openqa.selenium.NoSuchElementException: no such element: Unable to locate element: {&quot;method&quot;:&quot;css selector&quot;,&quot;selector&quot;:&quot;*[name=&apos;position&apos;]&quot;}
  (Session info: chrome=120.0.6099.130)
For documentation on this error, please visit: https://www.selenium.dev/documentation/webdriver/troubleshooting/errors#no-such-element-exception
Build info: version: &apos;4.10.0&apos;, revision: &apos;c14d967899&apos;
System info: os.name: &apos;Windows 11&apos;, os.arch: &apos;amd64&apos;, os.version: &apos;10.0&apos;, java.version: &apos;17.0.4&apos;
Driver info: org.openqa.selenium.chrome.ChromeDriver
Command: [d39c9b5370203907761778693c5aebeb, findElement {using=css selector, value=*[name=&apos;position&apos;]}]
Capabilities {acceptInsecureCerts: false, browserName: chrome, browserVersion: 120.0.6099.130, chrome: {chromedriverVersion: 119.0.6045.105 (38c72552c5e..., userDataDir: C:\Users\lenovo\AppData\Loc...}, fedcm:accounts: true, goog:chromeOptions: {debuggerAddress: localhost:54979}, networkConnectionEnabled: false, pageLoadStrategy: normal, platformName: windows, proxy: Proxy(), se:cdp: ws://localhost:54979/devtoo..., se:cdpVersion: 120.0.6099.130, setWindowRect: true, strictFileInteractability: false, timeouts: {implicit: 0, pageLoad: 300000, script: 30000}, unhandledPromptBehavior: dismiss and notify, webauthn:extension:credBlob: true, webauthn:extension:largeBlob: true, webauthn:extension:minPinLength: true, webauthn:extension:prf: true, webauthn:virtualAuthenticators: true}
Session ID: d39c9b5370203907761778693c5aebeb
	at org.openqa.selenium.remote.codec.w3c.W3CHttpResponseCodec.createException(W3CHttpResponseCodec.java:199)
	at org.openqa.selenium.remote.codec.w3c.W3CHttpResponseCodec.decode(W3CHttpResponseCodec.java:132)
	at org.openqa.selenium.remote.codec.w3c.W3CHttpResponseCodec.decode(W3CHttpResponseCodec.java:51)
	at org.openqa.selenium.remote.HttpCommandExecutor.execute(HttpCommandExecutor.java:191)
	at org.openqa.selenium.remote.service.DriverCommandExecutor.invokeExecute(DriverCommandExecutor.java:196)
	at org.openqa.selenium.remote.service.DriverCommandExecutor.execute(DriverCommandExecutor.java:171)
	at org.openqa.selenium.remote.RemoteWebDriver.execute(RemoteWebDriver.java:531)
	at org.openqa.selenium.remote.ElementLocation$ElementFinder$2.findElement(ElementLocation.java:165)
	at org.openqa.selenium.remote.ElementLocation.findElement(ElementLocation.java:59)
	at org.openqa.selenium.remote.RemoteWebDriver.findElement(RemoteWebDriver.java:350)
	at org.openqa.selenium.remote.RemoteWebDriver.findElement(RemoteWebDriver.java:344)
	at org.openqa.selenium.By$PreW3CLocator.findElement(By.java:427)
	at org.openqa.selenium.By$ByName.findElement(By.java:236)
	at org.openqa.selenium.support.ByIdOrName.findElement(ByIdOrName.java:49)
	at org.openqa.selenium.remote.ElementLocation$ElementFinder$1.findElement(ElementLocation.java:139)
	at org.openqa.selenium.remote.ElementLocation.findElement(ElementLocation.java:59)
	at org.openqa.selenium.remote.RemoteWebDriver.findElement(RemoteWebDriver.java:350)
	at org.openqa.selenium.remote.RemoteWebDriver.findElement(RemoteWebDriver.java:344)
	at org.openqa.selenium.support.pagefactory.DefaultElementLocator.findElement(DefaultElementLocator.java:68)
	at org.openqa.selenium.support.pagefactory.internal.LocatingElementHandler.invoke(LocatingElementHandler.java:38)
	at jdk.proxy2/jdk.proxy2.$Proxy15.getText(Unknown Source)
	at page.TablePage.getPosition(TablePage.java:57)
	at Test.TableDataVerifyTest.tableVerify(TableDataVerifyTest.java:56)
	at java.base/java.util.concurrent.ThreadPoolExecutor.runWorker(ThreadPoolExecutor.java:1136)
	at java.base/java.util.concurrent.ThreadPoolExecutor$Worker.run(ThreadPoolExecutor.java:635)
	at java.base/java.lang.Thread.run(Thread.java:833)
... Removed 17 stack frames
</div> <!-- stack-trace -->
                </div> <!-- method-content -->
              </div> <!-- method -->
            </div> <!-- main-panel-content rounded-window-bottom -->
          </div> <!-- suite-Framework1Suite-class-skipped -->
          <div class="suite-Framework1Suite-class-passed">
            <div class="main-panel-header rounded-window-top">
              <img src="passed.png"/>
              <span class="class-name">Test.RadioButtonTest</span>
            </div> <!-- main-panel-header rounded-window-top -->
            <div class="main-panel-content rounded-window-bottom">
              <div class="method">
                <div class="method-content">
                  <a name="radioBtnTest">
                  </a> <!-- radioBtnTest -->
                  <span class="method-name">radioBtnTest</span>
                </div> <!-- method-content -->
              </div> <!-- method -->
            </div> <!-- main-panel-content rounded-window-bottom -->
          </div> <!-- suite-Framework1Suite-class-passed -->
          <div class="suite-Framework1Suite-class-passed">
            <div class="main-panel-header rounded-window-top">
              <img src="passed.png"/>
              <span class="class-name">Test.SubmitFormTest</span>
            </div> <!-- main-panel-header rounded-window-top -->
            <div class="main-panel-content rounded-window-bottom">
              <div class="method">
                <div class="method-content">
                  <a name="formSubmitTest">
                  </a> <!-- formSubmitTest -->
                  <span class="method-name">formSubmitTest</span>
                </div> <!-- method-content -->
              </div> <!-- method -->
            </div> <!-- main-panel-content rounded-window-bottom -->
          </div> <!-- suite-Framework1Suite-class-passed -->
          <div class="suite-Framework1Suite-class-passed">
            <div class="main-panel-header rounded-window-top">
              <img src="passed.png"/>
              <span class="class-name">Test.InputTest</span>
            </div> <!-- main-panel-header rounded-window-top -->
            <div class="main-panel-content rounded-window-bottom">
              <div class="method">
                <div class="method-content">
                  <a name="inputTest">
                  </a> <!-- inputTest -->
                  <span class="method-name">inputTest</span>
                </div> <!-- method-content -->
              </div> <!-- method -->
            </div> <!-- main-panel-content rounded-window-bottom -->
          </div> <!-- suite-Framework1Suite-class-passed -->
          <div class="suite-Framework1Suite-class-passed">
            <div class="main-panel-header rounded-window-top">
              <img src="passed.png"/>
              <span class="class-name">Test.JavascriptPromptVerifyTest</span>
            </div> <!-- main-panel-header rounded-window-top -->
            <div class="main-panel-content rounded-window-bottom">
              <div class="method">
                <div class="method-content">
                  <a name="jsPrompt">
                  </a> <!-- jsPrompt -->
                  <span class="method-name">jsPrompt</span>
                </div> <!-- method-content -->
              </div> <!-- method -->
            </div> <!-- main-panel-content rounded-window-bottom -->
          </div> <!-- suite-Framework1Suite-class-passed -->
          <div class="suite-Framework1Suite-class-passed">
            <div class="main-panel-header rounded-window-top">
              <img src="passed.png"/>
              <span class="class-name">Test.WindowPopUpTest</span>
            </div> <!-- main-panel-header rounded-window-top -->
            <div class="main-panel-content rounded-window-bottom">
              <div class="method">
                <div class="method-content">
                  <a name="windowPopUp">
                  </a> <!-- windowPopUp -->
                  <span class="method-name">windowPopUp</span>
                </div> <!-- method-content -->
              </div> <!-- method -->
            </div> <!-- main-panel-content rounded-window-bottom -->
          </div> <!-- suite-Framework1Suite-class-passed -->
          <div class="suite-Framework1Suite-class-passed">
            <div class="main-panel-header rounded-window-top">
              <img src="passed.png"/>
              <span class="class-name">Test.DragAndDropTest</span>
            </div> <!-- main-panel-header rounded-window-top -->
            <div class="main-panel-content rounded-window-bottom">
              <div class="method">
                <div class="method-content">
                  <a name="dragAndDropTest">
                  </a> <!-- dragAndDropTest -->
                  <span class="method-name">dragAndDropTest</span>
                </div> <!-- method-content -->
              </div> <!-- method -->
            </div> <!-- main-panel-content rounded-window-bottom -->
          </div> <!-- suite-Framework1Suite-class-passed -->
          <div class="suite-Framework1Suite-class-passed">
            <div class="main-panel-header rounded-window-top">
              <img src="passed.png"/>
              <span class="class-name">Test.SimpleFormTest</span>
            </div> <!-- main-panel-header rounded-window-top -->
            <div class="main-panel-content rounded-window-bottom">
              <div class="method">
                <div class="method-content">
                  <a name="simpleFormTest">
                  </a> <!-- simpleFormTest -->
                  <span class="method-name">simpleFormTest</span>
                </div> <!-- method-content -->
              </div> <!-- method -->
            </div> <!-- main-panel-content rounded-window-bottom -->
          </div> <!-- suite-Framework1Suite-class-passed -->
          <div class="suite-Framework1Suite-class-passed">
            <div class="main-panel-header rounded-window-top">
              <img src="passed.png"/>
              <span class="class-name">Test.FormSubmitTest</span>
            </div> <!-- main-panel-header rounded-window-top -->
            <div class="main-panel-content rounded-window-bottom">
              <div class="method">
                <div class="method-content">
                  <a name="formSubmitTest">
                  </a> <!-- formSubmitTest -->
                  <span class="method-name">formSubmitTest</span>
                </div> <!-- method-content -->
              </div> <!-- method -->
            </div> <!-- main-panel-content rounded-window-bottom -->
          </div> <!-- suite-Framework1Suite-class-passed -->
        </div> <!-- panel Framework1Suite -->
        <div panel-name="test-xml-Framework1Suite" class="panel">
          <div class="main-panel-header rounded-window-top">
            <span class="header-content">D:\pageObjectModelfactory\testng.xml</span>
          </div> <!-- main-panel-header rounded-window-top -->
          <div class="main-panel-content rounded-window-bottom">
            <pre>
&lt;?xml version=&quot;1.0&quot; encoding=&quot;UTF-8&quot;?&gt;
&lt;!DOCTYPE suite SYSTEM &quot;https://testng.org/testng-1.0.dtd&quot;&gt;
&lt;suite name=&quot;Framework1Suite&quot; guice-stage=&quot;DEVELOPMENT&quot; verbose=&quot;0&quot;&gt;
  &lt;test thread-count=&quot;2&quot; parallel=&quot;classes&quot; name=&quot;Simple form&quot; verbose=&quot;0&quot;&gt;
    &lt;parameter name=&quot;browser&quot; value=&quot;chrome&quot;/&gt;
    &lt;classes&gt;
      &lt;class name=&quot;Test.SimpleFormTest&quot;/&gt;
    &lt;/classes&gt;
  &lt;/test&gt; &lt;!-- Simple form --&gt;
  &lt;test thread-count=&quot;2&quot; parallel=&quot;classes&quot; name=&quot;Input Test&quot; verbose=&quot;0&quot;&gt;
    &lt;parameter name=&quot;browser&quot; value=&quot;chrome&quot;/&gt;
    &lt;classes&gt;
      &lt;class name=&quot;Test.InputTest&quot;/&gt;
    &lt;/classes&gt;
  &lt;/test&gt; &lt;!-- Input Test --&gt;
  &lt;test thread-count=&quot;2&quot; parallel=&quot;classes&quot; name=&quot;Facebook test&quot; verbose=&quot;0&quot;&gt;
    &lt;parameter name=&quot;browser&quot; value=&quot;chrome&quot;/&gt;
    &lt;classes&gt;
      &lt;class name=&quot;Test.WindowPopUpTest&quot;/&gt;
    &lt;/classes&gt;
  &lt;/test&gt; &lt;!-- Facebook test --&gt;
  &lt;test thread-count=&quot;2&quot; parallel=&quot;classes&quot; name=&quot;Javascript prompt Alert Test&quot; verbose=&quot;0&quot;&gt;
    &lt;parameter name=&quot;browser&quot; value=&quot;chrome&quot;/&gt;
    &lt;classes&gt;
      &lt;class name=&quot;Test.JavascriptPromptVerifyTest&quot;/&gt;
    &lt;/classes&gt;
  &lt;/test&gt; &lt;!-- Javascript prompt Alert Test --&gt;
  &lt;test thread-count=&quot;2&quot; parallel=&quot;classes&quot; name=&quot;Table Verify Test&quot; verbose=&quot;0&quot;&gt;
    &lt;parameter name=&quot;browser&quot; value=&quot;chrome&quot;/&gt;
    &lt;classes&gt;
      &lt;class name=&quot;Test.TableDataVerifyTest&quot;/&gt;
    &lt;/classes&gt;
  &lt;/test&gt; &lt;!-- Table Verify Test --&gt;
  &lt;test thread-count=&quot;2&quot; parallel=&quot;classes&quot; name=&quot;Form Test&quot; verbose=&quot;0&quot;&gt;
    &lt;parameter name=&quot;browser&quot; value=&quot;chrome&quot;/&gt;
    &lt;classes&gt;
      &lt;class name=&quot;Test.SubmitFormTest&quot;/&gt;
    &lt;/classes&gt;
  &lt;/test&gt; &lt;!-- Form Test --&gt;
  &lt;test thread-count=&quot;2&quot; parallel=&quot;classes&quot; name=&quot;Form Error Test&quot; verbose=&quot;0&quot;&gt;
    &lt;parameter name=&quot;browser&quot; value=&quot;chrome&quot;/&gt;
    &lt;classes&gt;
      &lt;class name=&quot;Test.FormSubmitTest&quot;/&gt;
    &lt;/classes&gt;
  &lt;/test&gt; &lt;!-- Form Error Test --&gt;
  &lt;test thread-count=&quot;2&quot; parallel=&quot;classes&quot; name=&quot;Radio button Test&quot; verbose=&quot;0&quot;&gt;
    &lt;parameter name=&quot;browser&quot; value=&quot;chrome&quot;/&gt;
    &lt;classes&gt;
      &lt;class name=&quot;Test.RadioButtonTest&quot;/&gt;
    &lt;/classes&gt;
  &lt;/test&gt; &lt;!-- Radio button Test --&gt;
  &lt;test thread-count=&quot;2&quot; parallel=&quot;classes&quot; name=&quot;Drag and Drop Test&quot; verbose=&quot;0&quot;&gt;
    &lt;parameter name=&quot;browser&quot; value=&quot;chrome&quot;/&gt;
    &lt;classes&gt;
      &lt;class name=&quot;Test.DragAndDropTest&quot;/&gt;
    &lt;/classes&gt;
  &lt;/test&gt; &lt;!-- Drag and Drop Test --&gt;
&lt;/suite&gt; &lt;!-- Framework1Suite --&gt;
            </pre>
          </div> <!-- main-panel-content rounded-window-bottom -->
        </div> <!-- panel -->
        <div panel-name="testlist-Framework1Suite" class="panel">
          <div class="main-panel-header rounded-window-top">
            <span class="header-content">Tests for Framework1Suite</span>
          </div> <!-- main-panel-header rounded-window-top -->
          <div class="main-panel-content rounded-window-bottom">
            <ul>
              <li>
                <span class="test-name">Simple form (1 class)</span>
              </li>
              <li>
                <span class="test-name">Input Test (1 class)</span>
              </li>
              <li>
                <span class="test-name">Facebook test (1 class)</span>
              </li>
              <li>
                <span class="test-name">Javascript prompt Alert Test (1 class)</span>
              </li>
              <li>
                <span class="test-name">Table Verify Test (1 class)</span>
              </li>
              <li>
                <span class="test-name">Form Test (1 class)</span>
              </li>
              <li>
                <span class="test-name">Form Error Test (1 class)</span>
              </li>
              <li>
                <span class="test-name">Radio button Test (1 class)</span>
              </li>
              <li>
                <span class="test-name">Drag and Drop Test (1 class)</span>
              </li>
            </ul>
          </div> <!-- main-panel-content rounded-window-bottom -->
        </div> <!-- panel -->
        <div panel-name="group-Framework1Suite" class="panel">
          <div class="main-panel-header rounded-window-top">
            <span class="header-content">Groups for Framework1Suite</span>
          </div> <!-- main-panel-header rounded-window-top -->
          <div class="main-panel-content rounded-window-bottom">
          </div> <!-- main-panel-content rounded-window-bottom -->
        </div> <!-- panel -->
        <div panel-name="times-Framework1Suite" class="panel">
          <div class="main-panel-header rounded-window-top">
            <span class="header-content">Times for Framework1Suite</span>
          </div> <!-- main-panel-header rounded-window-top -->
          <div class="main-panel-content rounded-window-bottom">
            <div class="times-div">
              <script type="text/javascript">
suiteTableInitFunctions.push('tableData_Framework1Suite');
function tableData_Framework1Suite() {
var data = new google.visualization.DataTable();
data.addColumn('number', 'Number');
data.addColumn('string', 'Method');
data.addColumn('string', 'Class');
data.addColumn('number', 'Time (ms)');
data.addRows(12);
data.setCell(0, 0, 0)
data.setCell(0, 1, 'formSubmitTest')
data.setCell(0, 2, 'Test.FormSubmitTest')
data.setCell(0, 3, 5402);
data.setCell(1, 0, 1)
data.setCell(1, 1, 'windowPopUp')
data.setCell(1, 2, 'Test.WindowPopUpTest')
data.setCell(1, 3, 4235);
data.setCell(2, 0, 2)
data.setCell(2, 1, 'radioBtnTest')
data.setCell(2, 2, 'Test.RadioButtonTest')
data.setCell(2, 3, 3529);
data.setCell(3, 0, 3)
data.setCell(3, 1, 'tableVerify')
data.setCell(3, 2, 'Test.TableDataVerifyTest')
data.setCell(3, 3, 2295);
data.setCell(4, 0, 4)
data.setCell(4, 1, 'formSubmitTest')
data.setCell(4, 2, 'Test.SubmitFormTest')
data.setCell(4, 3, 2071);
data.setCell(5, 0, 5)
data.setCell(5, 1, 'simpleFormTest')
data.setCell(5, 2, 'Test.SimpleFormTest')
data.setCell(5, 3, 1998);
data.setCell(6, 0, 6)
data.setCell(6, 1, 'inputTest')
data.setCell(6, 2, 'Test.InputTest')
data.setCell(6, 3, 1686);
data.setCell(7, 0, 7)
data.setCell(7, 1, 'jsPrompt')
data.setCell(7, 2, 'Test.JavascriptPromptVerifyTest')
data.setCell(7, 3, 1450);
data.setCell(8, 0, 8)
data.setCell(8, 1, 'tableVerify')
data.setCell(8, 2, 'Test.TableDataVerifyTest')
data.setCell(8, 3, 1175);
data.setCell(9, 0, 9)
data.setCell(9, 1, 'dragAndDropTest')
data.setCell(9, 2, 'Test.DragAndDropTest')
data.setCell(9, 3, 961);
data.setCell(10, 0, 10)
data.setCell(10, 1, 'tableVerify')
data.setCell(10, 2, 'Test.TableDataVerifyTest')
data.setCell(10, 3, 839);
data.setCell(11, 0, 11)
data.setCell(11, 1, 'tableVerify')
data.setCell(11, 2, 'Test.TableDataVerifyTest')
data.setCell(11, 3, 800);
window.suiteTableData['Framework1Suite']= { tableData: data, tableDiv: 'times-div-Framework1Suite'}
return data;
}
              </script>
              <span class="suite-total-time">Total running time: 26 seconds</span>
              <div id="times-div-Framework1Suite">
              </div> <!-- times-div-Framework1Suite -->
            </div> <!-- times-div -->
          </div> <!-- main-panel-content rounded-window-bottom -->
        </div> <!-- panel -->
        <div panel-name="reporter-Framework1Suite" class="panel">
          <div class="main-panel-header rounded-window-top">
            <span class="header-content">Reporter output for Framework1Suite</span>
          </div> <!-- main-panel-header rounded-window-top -->
          <div class="main-panel-content rounded-window-bottom">
          </div> <!-- main-panel-content rounded-window-bottom -->
        </div> <!-- panel -->
        <div panel-name="ignored-methods-Framework1Suite" class="panel">
          <div class="main-panel-header rounded-window-top">
            <span class="header-content">0 ignored methods</span>
          </div> <!-- main-panel-header rounded-window-top -->
          <div class="main-panel-content rounded-window-bottom">
          </div> <!-- main-panel-content rounded-window-bottom -->
        </div> <!-- panel -->
        <div panel-name="chronological-Framework1Suite" class="panel">
          <div class="main-panel-header rounded-window-top">
            <span class="header-content">Methods in chronological order</span>
          </div> <!-- main-panel-header rounded-window-top -->
          <div class="main-panel-content rounded-window-bottom">
            <div class="chronological-class">
              <div class="chronological-class-name">Test.SimpleFormTest</div> <!-- chronological-class-name -->
              <div class="configuration-test before">
                <span class="method-name">setUp(chrome)</span>
                <span class="method-start">0 ms</span>
              </div> <!-- configuration-test before -->
              <div class="test-method">
                <span class="method-name">simpleFormTest</span>
                <span class="method-start">7966 ms</span>
              </div> <!-- test-method -->
              <div class="configuration-test after">
                <span class="method-name">closeTest</span>
                <span class="method-start">9968 ms</span>
              </div> <!-- configuration-test after -->
            </div> <!-- chronological-class -->
            <div class="chronological-class">
              <div class="chronological-class-name">Test.InputTest</div> <!-- chronological-class-name -->
              <div class="configuration-test before">
                <span class="method-name">setUp(chrome)</span>
                <span class="method-start">10829 ms</span>
              </div> <!-- configuration-test before -->
              <div class="test-method">
                <span class="method-name">inputTest</span>
                <span class="method-start">15346 ms</span>
              </div> <!-- test-method -->
              <div class="configuration-test after">
                <span class="method-name">closeTest</span>
                <span class="method-start">17033 ms</span>
              </div> <!-- configuration-test after -->
            </div> <!-- chronological-class -->
            <div class="chronological-class">
              <div class="chronological-class-name">Test.WindowPopUpTest</div> <!-- chronological-class-name -->
              <div class="configuration-test before">
                <span class="method-name">setUp(chrome)</span>
                <span class="method-start">17238 ms</span>
              </div> <!-- configuration-test before -->
              <div class="test-method">
                <span class="method-name">windowPopUp</span>
                <span class="method-start">21391 ms</span>
              </div> <!-- test-method -->
              <div class="configuration-test after">
                <span class="method-name">closeTest</span>
                <span class="method-start">25633 ms</span>
              </div> <!-- configuration-test after -->
            </div> <!-- chronological-class -->
            <div class="chronological-class">
              <div class="chronological-class-name">Test.JavascriptPromptVerifyTest</div> <!-- chronological-class-name -->
              <div class="configuration-test before">
                <span class="method-name">setUp(chrome)</span>
                <span class="method-start">26587 ms</span>
              </div> <!-- configuration-test before -->
              <div class="test-method">
                <span class="method-name">jsPrompt</span>
                <span class="method-start">31464 ms</span>
              </div> <!-- test-method -->
              <div class="configuration-test after">
                <span class="method-name">closeTest</span>
                <span class="method-start">32914 ms</span>
              </div> <!-- configuration-test after -->
            </div> <!-- chronological-class -->
            <div class="chronological-class">
              <div class="chronological-class-name">Test.TableDataVerifyTest</div> <!-- chronological-class-name -->
              <div class="configuration-test before">
                <span class="method-name">setUp(chrome)</span>
                <span class="method-start">33222 ms</span>
              </div> <!-- configuration-test before -->
              <div class="test-method">
                <span class="method-name">tableVerify(Junior Technical Author, San Francisco, 66, 2009/01/12, 86000)</span>
                <span class="method-start">39013 ms</span>
              </div> <!-- test-method -->
              <div class="test-method">
                <span class="method-name">tableVerify(Junior Technical Author, San Francisco, 66, 2009/01/12, 86000)</span>
                <span class="method-start">41491 ms</span>
              </div> <!-- test-method -->
              <div class="test-method">
                <span class="method-name">tableVerify(Junior Technical Author, San Francisco, 66, 2009/01/12, 86000)</span>
                <span class="method-start">42415 ms</span>
              </div> <!-- test-method -->
              <div class="test-method">
                <img src="failed.png">
                </img>
                <span class="method-name">tableVerify(Junior Technical Author, San Francisco, 66, 2009/01/12, 86000)</span>
                <span class="method-start">43375 ms</span>
              </div> <!-- test-method -->
              <div class="configuration-test after">
                <span class="method-name">closeTest</span>
                <span class="method-start">44556 ms</span>
              </div> <!-- configuration-test after -->
            </div> <!-- chronological-class -->
            <div class="chronological-class">
              <div class="chronological-class-name">Test.SubmitFormTest</div> <!-- chronological-class-name -->
              <div class="configuration-test before">
                <span class="method-name">setUp(chrome)</span>
                <span class="method-start">45020 ms</span>
              </div> <!-- configuration-test before -->
              <div class="test-method">
                <span class="method-name">formSubmitTest</span>
                <span class="method-start">49692 ms</span>
              </div> <!-- test-method -->
              <div class="configuration-test after">
                <span class="method-name">closeTest</span>
                <span class="method-start">51765 ms</span>
              </div> <!-- configuration-test after -->
            </div> <!-- chronological-class -->
            <div class="chronological-class">
              <div class="chronological-class-name">Test.FormSubmitTest</div> <!-- chronological-class-name -->
              <div class="configuration-test before">
                <span class="method-name">setUp(chrome)</span>
                <span class="method-start">52089 ms</span>
              </div> <!-- configuration-test before -->
              <div class="test-method">
                <span class="method-name">formSubmitTest</span>
                <span class="method-start">54569 ms</span>
              </div> <!-- test-method -->
              <div class="configuration-test after">
                <span class="method-name">closeTest</span>
                <span class="method-start">59972 ms</span>
              </div> <!-- configuration-test after -->
            </div> <!-- chronological-class -->
            <div class="chronological-class">
              <div class="chronological-class-name">Test.RadioButtonTest</div> <!-- chronological-class-name -->
              <div class="configuration-test before">
                <span class="method-name">setUp(chrome)</span>
                <span class="method-start">60275 ms</span>
              </div> <!-- configuration-test before -->
              <div class="test-method">
                <span class="method-name">radioBtnTest</span>
                <span class="method-start">62492 ms</span>
              </div> <!-- test-method -->
              <div class="configuration-test after">
                <span class="method-name">closeTest</span>
                <span class="method-start">66022 ms</span>
              </div> <!-- configuration-test after -->
            </div> <!-- chronological-class -->
            <div class="chronological-class">
              <div class="chronological-class-name">Test.DragAndDropTest</div> <!-- chronological-class-name -->
              <div class="configuration-test before">
                <span class="method-name">setUp(chrome)</span>
                <span class="method-start">66310 ms</span>
              </div> <!-- configuration-test before -->
              <div class="test-method">
                <span class="method-name">dragAndDropTest</span>
                <span class="method-start">70713 ms</span>
              </div> <!-- test-method -->
              <div class="configuration-test after">
                <span class="method-name">closeTest</span>
                <span class="method-start">71675 ms</span>
              </div> <!-- configuration-test after -->
          </div> <!-- main-panel-content rounded-window-bottom -->
        </div> <!-- panel -->
      </div> <!-- main-panel-root -->
    </div> <!-- wrapper -->
  </body>
<script type="text/javascript" src="testng-reports2.js"></script>
</html>
